SF:lib/app/core/utils/strings.dart
DA:14,0
DA:15,0
DA:21,0
DA:22,0
LF:4
LH:0
end_of_record
SF:lib/app/core/utils/widgets/auth_links_shared_widget.dart
DA:6,1
DA:14,1
DA:16,1
DA:18,1
DA:21,1
DA:22,1
DA:23,1
DA:30,1
DA:31,1
DA:32,1
DA:33,1
LF:11
LH:11
end_of_record
SF:lib/app/core/utils/widgets/text_icon_btn_shared_widget.dart
DA:5,1
DA:21,1
DA:24,1
DA:25,1
DA:26,1
DA:27,1
DA:28,1
DA:32,1
DA:33,2
DA:34,1
DA:36,3
DA:37,0
DA:39,0
DA:40,0
DA:41,0
DA:43,0
DA:45,0
DA:46,0
DA:55,1
DA:57,1
DA:58,1
DA:59,1
DA:66,1
DA:67,1
DA:69,1
LF:25
LH:18
end_of_record
SF:lib/app/presentation/views/login_view.dart
DA:17,3
DA:19,2
DA:21,1
DA:23,1
DA:24,1
DA:28,1
DA:29,1
DA:31,1
DA:32,2
DA:34,1
DA:39,2
DA:43,1
DA:45,1
DA:47,1
DA:50,1
DA:52,1
DA:80,3
DA:90,1
DA:91,1
DA:92,1
DA:98,1
DA:99,1
DA:100,1
DA:103,1
DA:106,1
DA:112,1
DA:113,1
DA:114,1
DA:115,1
DA:120,1
DA:126,1
DA:127,1
DA:129,1
DA:130,1
DA:131,1
DA:136,1
DA:140,1
DA:142,1
DA:153,1
DA:155,2
DA:159,2
DA:161,2
DA:164,1
DA:165,2
DA:171,1
DA:173,0
DA:174,0
DA:183,3
DA:196,1
DA:197,1
DA:198,1
DA:200,1
DA:201,1
DA:205,2
DA:207,2
DA:210,1
DA:217,1
DA:219,1
DA:220,1
DA:224,2
DA:226,2
DA:229,1
LF:62
LH:60
end_of_record
SF:lib/app/presentation/widgets/auth_text_icon_widget.dart
DA:5,1
DA:23,1
DA:26,1
DA:27,1
DA:28,1
DA:29,1
DA:30,1
DA:34,1
DA:35,2
DA:36,1
DA:38,1
DA:40,1
DA:41,1
DA:42,2
DA:43,1
DA:44,1
DA:47,1
DA:48,1
DA:49,1
DA:50,1
LF:20
LH:20
end_of_record
SF:lib/app/config/dio_exceptions.dart
DA:4,1
DA:5,1
DA:6,1
DA:8,1
DA:10,1
DA:12,1
DA:14,1
DA:16,1
DA:17,1
DA:18,4
DA:24,1
DA:26,1
DA:27,1
DA:28,0
DA:29,0
DA:30,0
DA:32,0
LF:17
LH:13
end_of_record
SF:lib/app/config/internet_handling.dart
DA:8,0
DA:9,0
DA:11,0
DA:16,0
DA:17,0
DA:18,0
DA:19,0
DA:20,0
LF:8
LH:0
end_of_record
SF:lib/app/config/screen_handler.dart
DA:4,1
DA:5,3
DA:6,1
DA:7,3
DA:9,0
DA:13,0
LF:6
LH:4
end_of_record
SF:lib/app/config/validate_field.dart
DA:3,1
DA:4,1
DA:6,1
DA:11,1
DA:12,1
DA:18,0
DA:19,0
DA:21,0
DA:28,0
DA:30,0
DA:31,0
DA:33,0
DA:39,1
DA:40,1
DA:42,2
DA:48,0
DA:49,0
DA:51,0
LF:18
LH:8
end_of_record
SF:lib/app/core/utils/debug_prints.dart
DA:3,0
DA:5,0
DA:8,1
DA:10,2
DA:13,1
DA:15,2
DA:18,0
DA:20,0
LF:8
LH:4
end_of_record
SF:lib/app/core/utils/widgets/back_shared_widget.dart
DA:6,3
DA:9,0
DA:11,0
DA:13,0
DA:14,0
DA:15,0
DA:16,0
DA:17,0
DA:27,0
DA:28,0
LF:10
LH:1
end_of_record
SF:lib/app/core/utils/widgets/error__shared_widget.dart
DA:6,0
DA:7,0
DA:19,0
DA:27,0
LF:4
LH:0
end_of_record
SF:lib/app/core/utils/widgets/header_shared_widget.dart
DA:7,0
DA:10,0
DA:12,0
DA:14,0
DA:16,0
DA:17,0
DA:18,0
DA:19,0
DA:20,0
DA:39,0
DA:40,0
DA:41,0
DA:45,0
DA:60,0
DA:62,0
LF:15
LH:0
end_of_record
SF:lib/app/core/utils/widgets/text_bnt_shared_widget.dart
DA:5,0
DA:18,0
DA:20,0
DA:21,0
DA:22,0
DA:23,0
DA:24,0
DA:28,0
DA:29,0
DA:30,0
DA:32,0
DA:33,0
LF:12
LH:0
end_of_record
SF:lib/app/data/models/auth_model.dart
DA:6,1
DA:22,0
DA:23,0
DA:24,0
DA:25,0
DA:26,0
DA:27,0
DA:28,0
DA:29,0
DA:30,0
DA:31,0
DA:32,0
DA:33,0
DA:34,0
DA:35,0
DA:37,0
DA:41,0
DA:42,0
DA:43,0
DA:44,0
DA:45,0
DA:46,0
DA:47,0
DA:48,0
DA:49,0
DA:50,0
DA:51,0
DA:52,0
DA:53,0
DA:54,0
DA:56,0
DA:60,1
DA:61,1
DA:62,1
DA:63,1
LF:35
LH:5
end_of_record
SF:lib/app/domain/entities/auth_entity.dart
DA:19,1
LF:1
LH:1
end_of_record
SF:lib/app/domain/entities/residential_address.dart
DA:10,0
DA:19,0
DA:20,0
DA:21,0
DA:22,0
DA:23,0
DA:24,0
DA:25,0
DA:26,0
DA:27,0
DA:31,0
DA:32,0
DA:33,0
DA:34,0
DA:35,0
DA:36,0
DA:37,0
DA:38,0
DA:39,0
LF:19
LH:0
end_of_record
SF:lib/app/domain/entities/work_address.dart
DA:7,0
DA:13,0
DA:14,0
DA:15,0
DA:16,0
DA:17,0
DA:18,0
DA:22,0
DA:23,0
DA:24,0
DA:25,0
DA:26,0
DA:27,0
LF:13
LH:0
end_of_record
SF:lib/app/data/models/user_info_model.dart
DA:4,0
DA:9,0
DA:10,0
DA:11,0
DA:14,0
DA:15,0
DA:16,0
DA:17,0
DA:18,0
LF:9
LH:0
end_of_record
SF:lib/app/domain/entities/user_entity.dart
DA:4,0
DA:30,0
DA:50,0
DA:51,0
DA:52,0
DA:53,0
DA:54,0
DA:55,0
DA:56,0
DA:57,0
DA:58,0
DA:59,0
DA:60,0
DA:61,0
DA:62,0
DA:63,0
DA:64,0
DA:66,0
DA:67,0
DA:69,0
DA:70,0
DA:71,0
DA:72,0
DA:75,0
DA:76,0
DA:77,0
DA:78,0
DA:79,0
DA:80,0
DA:81,0
DA:82,0
DA:83,0
DA:84,0
DA:85,0
DA:86,0
DA:87,0
DA:88,0
DA:89,0
DA:90,0
DA:92,0
DA:93,0
DA:95,0
DA:96,0
DA:97,0
DA:98,0
DA:116,0
DA:129,0
DA:130,0
DA:131,0
DA:132,0
DA:133,0
DA:134,0
DA:135,0
DA:136,0
DA:137,0
DA:138,0
DA:139,0
DA:140,0
DA:143,0
DA:144,0
DA:145,0
DA:146,0
DA:147,0
DA:148,0
DA:149,0
DA:150,0
DA:151,0
DA:152,0
DA:153,0
DA:154,0
DA:155,0
DA:170,0
DA:180,0
DA:181,0
DA:182,0
DA:183,0
DA:184,0
DA:185,0
DA:186,0
DA:187,0
DA:188,0
DA:191,0
DA:192,0
DA:193,0
DA:194,0
DA:195,0
DA:196,0
DA:197,0
DA:198,0
DA:199,0
DA:200,0
LF:91
LH:0
end_of_record
SF:lib/app/data/models/user_local_model.dart
DA:4,0
DA:10,0
DA:11,0
DA:12,0
DA:13,0
DA:14,0
DA:18,0
DA:19,0
DA:20,0
DA:21,0
DA:22,0
LF:11
LH:0
end_of_record
SF:lib/app/domain/entities/user_local_entity.dart
DA:5,0
LF:1
LH:0
end_of_record
SF:lib/app/data/repositories/api/auth_repository_imp.dart
DA:6,2
DA:7,1
DA:8,1
DA:9,2
DA:11,0
DA:13,0
DA:16,0
DA:19,0
DA:22,0
DA:25,0
DA:28,0
DA:30,0
DA:33,1
DA:35,2
DA:38,0
DA:41,0
DA:44,0
DA:46,0
DA:49,0
DA:51,0
LF:20
LH:6
end_of_record
SF:lib/app/data/services/apis/auth_api_service.dart
DA:14,3
DA:15,1
DA:16,2
DA:20,0
DA:22,0
DA:23,0
DA:25,0
DA:26,0
DA:27,0
DA:28,0
DA:30,0
DA:31,0
DA:35,1
DA:37,1
DA:38,2
DA:39,2
DA:41,0
DA:42,1
DA:43,3
DA:44,1
DA:45,0
DA:46,0
DA:48,0
DA:49,0
DA:53,0
DA:54,0
DA:55,0
DA:61,0
DA:63,0
DA:70,0
DA:75,0
DA:76,0
DA:77,0
DA:79,0
DA:80,0
DA:82,0
DA:83,0
DA:88,0
DA:89,0
DA:90,0
DA:91,0
LF:41
LH:10
end_of_record
SF:lib/app/data/repositories/api/user_repository_imp.dart
DA:6,0
DA:7,0
DA:9,0
DA:14,0
DA:17,0
DA:20,0
DA:22,0
DA:25,0
DA:28,0
DA:31,0
DA:34,0
LF:11
LH:0
end_of_record
SF:lib/app/data/services/apis/user_api_services.dart
DA:11,0
DA:12,0
DA:14,0
DA:19,0
DA:21,0
DA:22,0
DA:23,0
DA:24,0
DA:25,0
DA:26,0
DA:27,0
DA:28,0
DA:29,0
DA:30,0
DA:32,0
DA:33,0
LF:16
LH:0
end_of_record
SF:lib/app/data/services/apis/curd_api_helper.dart
DA:11,3
DA:12,1
DA:13,2
DA:15,1
DA:16,1
DA:17,1
DA:20,1
DA:25,2
DA:26,2
DA:27,1
DA:28,1
DA:29,0
DA:37,1
DA:43,2
DA:49,0
DA:53,0
DA:58,0
DA:65,0
DA:71,0
DA:79,0
DA:85,0
LF:21
LH:13
end_of_record
SF:lib/app/data/services/local/user_info_local_Service.dart
DA:12,0
DA:13,0
DA:15,0
DA:23,0
DA:25,0
DA:26,0
DA:28,0
DA:32,0
DA:33,0
DA:34,0
DA:37,0
DA:38,0
DA:41,0
DA:42,0
DA:44,0
DA:45,0
DA:46,0
LF:17
LH:0
end_of_record
SF:lib/app/data/services/local/theme_local_Storage.dart
DA:5,1
DA:6,1
DA:8,1
DA:13,3
DA:16,3
DA:17,0
DA:18,0
DA:19,0
DA:20,0
LF:9
LH:5
end_of_record
SF:lib/app/domain/usecases/usecase_provider.dart
DA:4,1
DA:5,1
DA:7,1
DA:12,1
LF:4
LH:4
end_of_record
SF:lib/app/presentation/controllers/auth_controller.dart
DA:18,3
DA:19,1
DA:20,2
DA:24,0
DA:25,0
DA:26,0
DA:56,0
DA:57,0
DA:60,1
DA:61,2
DA:64,0
DA:65,0
DA:68,0
DA:69,0
DA:72,0
DA:73,0
DA:76,0
DA:77,0
DA:80,0
DA:81,0
DA:84,0
DA:85,0
DA:88,0
DA:89,0
DA:92,0
DA:93,0
DA:96,0
DA:97,0
DA:100,0
DA:101,0
DA:104,0
DA:105,0
DA:108,0
DA:109,0
DA:112,0
DA:113,0
DA:116,0
DA:117,0
DA:120,0
DA:121,0
DA:124,0
DA:125,0
DA:128,0
DA:129,0
DA:132,1
DA:133,2
DA:136,0
DA:137,0
DA:140,0
DA:141,0
DA:144,0
DA:145,0
DA:148,0
DA:149,0
DA:152,0
DA:153,0
DA:154,0
DA:155,0
DA:156,0
DA:157,0
DA:158,0
DA:159,0
DA:161,0
DA:162,0
DA:163,0
DA:164,0
DA:165,0
DA:166,0
DA:169,0
DA:170,0
DA:171,0
DA:175,0
DA:177,0
DA:178,0
DA:179,0
DA:180,0
DA:187,1
DA:188,2
DA:189,1
DA:190,2
DA:191,2
DA:193,2
DA:194,1
DA:195,2
DA:196,1
DA:197,0
DA:199,0
DA:200,0
DA:201,0
DA:202,0
DA:203,0
DA:204,0
DA:207,0
DA:208,0
DA:209,0
DA:213,0
DA:215,0
DA:216,0
DA:217,0
DA:224,0
DA:225,0
DA:226,0
DA:227,0
DA:232,0
DA:233,0
DA:234,0
DA:235,0
DA:237,0
DA:241,0
DA:242,0
DA:243,0
DA:244,0
DA:245,0
DA:246,0
DA:247,0
DA:249,0
DA:250,0
DA:251,0
DA:252,0
DA:253,0
DA:254,0
DA:256,0
DA:257,0
DA:258,0
DA:265,0
DA:266,0
DA:267,0
DA:268,0
DA:269,0
DA:270,0
DA:272,0
DA:273,0
DA:274,0
DA:275,0
DA:276,0
DA:277,0
DA:278,0
DA:279,0
DA:282,0
DA:283,0
DA:284,0
DA:285,0
DA:286,0
DA:287,0
DA:288,0
DA:289,0
DA:290,0
DA:291,0
DA:292,0
DA:293,0
LF:150
LH:16
end_of_record
SF:lib/app/presentation/views/main_view.dart
DA:14,1
DA:16,0
DA:18,0
DA:19,0
DA:20,0
DA:21,0
DA:22,0
DA:24,0
DA:27,0
DA:30,0
DA:31,0
DA:32,0
DA:33,0
DA:34,0
DA:35,0
DA:36,0
DA:39,0
DA:40,0
DA:41,0
DA:42,0
DA:43,0
LF:21
LH:1
end_of_record
SF:lib/app/presentation/views/splash_screen_view.dart
DA:12,1
DA:14,0
DA:15,0
DA:19,0
DA:21,0
DA:22,0
DA:24,0
DA:26,0
DA:27,0
DA:29,0
DA:33,0
DA:36,0
DA:37,0
DA:51,0
DA:52,0
DA:54,0
DA:56,0
DA:69,0
DA:70,0
DA:71,0
DA:72,0
DA:73,0
DA:88,0
DA:89,0
DA:92,0
DA:96,0
DA:97,0
DA:98,0
DA:102,0
LF:29
LH:1
end_of_record
SF:lib/app/presentation/controllers/internet_controller.dart
DA:6,0
DA:7,0
DA:9,0
DA:15,0
LF:4
LH:0
end_of_record
SF:lib/app/presentation/controllers/main_view_controller.dart
DA:10,0
DA:11,0
DA:12,0
DA:21,0
DA:22,0
LF:5
LH:0
end_of_record
SF:lib/app/presentation/views/cart_view.dart
DA:11,1
DA:12,0
DA:14,0
DA:16,0
DA:17,0
DA:19,0
DA:20,0
DA:21,0
DA:22,0
DA:23,0
DA:29,0
DA:31,0
DA:32,0
DA:33,0
DA:34,0
DA:37,0
DA:39,0
DA:43,0
DA:48,0
DA:50,0
DA:53,0
DA:54,0
DA:79,0
DA:82,0
DA:85,0
LF:25
LH:1
end_of_record
SF:lib/app/presentation/views/home_view.dart
DA:13,1
DA:14,0
DA:16,0
DA:18,0
DA:19,0
DA:21,0
DA:22,0
DA:23,0
DA:24,0
DA:25,0
DA:31,0
DA:33,0
DA:35,0
DA:36,0
DA:37,0
DA:38,0
DA:44,0
DA:49,0
DA:50,0
DA:56,0
DA:57,0
DA:58,0
DA:61,0
DA:66,0
DA:67,0
DA:69,0
DA:72,0
DA:73,0
DA:96,0
DA:97,0
DA:112,0
DA:113,0
DA:114,0
DA:117,0
DA:122,0
DA:123,0
DA:125,0
DA:128,0
DA:129,0
DA:152,0
DA:153,0
DA:165,0
DA:166,0
DA:167,0
DA:170,0
LF:45
LH:1
end_of_record
SF:lib/app/presentation/views/notification_view.dart
DA:8,1
DA:9,0
DA:11,0
DA:13,0
DA:14,0
DA:16,0
DA:17,0
DA:18,0
DA:19,0
DA:20,0
DA:26,0
DA:28,0
DA:29,0
DA:30,0
DA:31,0
DA:34,0
DA:35,0
DA:39,0
LF:18
LH:1
end_of_record
SF:lib/app/presentation/views/offers_view.dart
DA:8,1
DA:9,0
DA:11,0
DA:13,0
DA:14,0
DA:17,0
DA:18,0
DA:19,0
DA:20,0
DA:21,0
DA:27,0
DA:29,0
DA:30,0
DA:31,0
DA:32,0
DA:35,0
DA:36,0
DA:40,0
LF:18
LH:1
end_of_record
SF:lib/app/presentation/views/products_view.dart
DA:8,1
DA:9,0
DA:11,0
DA:13,0
DA:14,0
DA:17,0
DA:18,0
DA:19,0
DA:20,0
DA:21,0
DA:27,0
DA:29,0
DA:30,0
DA:31,0
DA:32,0
DA:35,0
DA:36,0
DA:40,0
LF:18
LH:1
end_of_record
SF:lib/app/presentation/controllers/theme_controller.dart
DA:12,0
DA:13,0
DA:15,0
DA:20,0
DA:21,0
DA:22,0
DA:23,0
DA:24,0
DA:25,0
DA:26,0
LF:10
LH:0
end_of_record
SF:lib/app/presentation/theme/app_themes.dart
DA:4,0
DA:12,0
LF:2
LH:0
end_of_record
SF:lib/app/presentation/controllers/user_controller.dart
DA:12,0
DA:13,0
DA:15,0
DA:30,0
DA:31,0
DA:34,0
DA:35,0
DA:38,0
DA:39,0
DA:42,0
DA:43,0
DA:46,0
DA:47,0
DA:50,0
DA:51,0
DA:54,0
DA:55,0
DA:58,0
DA:59,0
DA:62,0
DA:63,0
DA:64,0
DA:65,0
DA:66,0
DA:67,0
DA:68,0
DA:69,0
DA:70,0
DA:71,0
DA:72,0
DA:73,0
DA:75,0
LF:32
LH:0
end_of_record
SF:lib/app/presentation/widgets/cart_view_widget.dart
DA:6,1
DA:8,0
DA:10,0
DA:13,0
DA:14,0
DA:16,0
DA:17,0
DA:18,0
DA:19,0
DA:20,0
DA:21,0
DA:36,0
DA:37,0
DA:40,0
DA:41,0
DA:43,0
DA:51,0
DA:52,0
DA:64,0
DA:66,0
DA:69,0
DA:75,0
DA:78,0
DA:79,0
DA:80,0
DA:81,0
DA:83,0
DA:84,0
DA:97,0
DA:99,0
DA:102,0
DA:108,0
DA:109,0
DA:110,0
DA:112,0
DA:113,0
LF:36
LH:1
end_of_record
SF:lib/app/presentation/widgets/nav_bar_widget.dart
DA:9,5
DA:11,0
DA:13,0
DA:14,0
DA:16,0
DA:55,0
DA:72,0
DA:74,0
DA:91,0
DA:93,0
DA:110,0
DA:112,0
DA:129,0
DA:131,0
DA:148,0
DA:149,0
DA:152,0
DA:169,0
DA:171,0
DA:188,0
DA:189,0
DA:192,0
DA:209,0
DA:211,0
DA:228,0
DA:230,0
DA:251,0
LF:27
LH:1
end_of_record
SF:lib/app/presentation/views/change_password_view.dart
DA:12,1
DA:13,0
DA:14,0
DA:16,0
DA:17,0
DA:18,0
DA:19,0
DA:21,0
DA:22,0
DA:24,0
DA:26,0
DA:27,0
DA:28,0
DA:29,0
DA:32,0
DA:36,0
DA:37,0
DA:39,0
DA:40,0
DA:41,0
DA:42,0
DA:43,0
DA:48,0
DA:49,0
DA:50,0
DA:52,0
DA:53,0
DA:60,0
DA:65,0
DA:66,0
DA:67,0
DA:69,0
DA:70,0
DA:77,0
DA:82,0
DA:83,0
DA:84,0
DA:86,0
DA:87,0
DA:94,0
DA:95,0
DA:96,0
DA:100,0
DA:102,0
DA:105,0
DA:106,0
LF:46
LH:1
end_of_record
SF:lib/app/presentation/widgets/text_form_field_widget.dart
DA:10,1
DA:19,1
DA:22,1
DA:24,1
DA:25,1
DA:26,1
DA:27,1
DA:28,1
DA:29,1
DA:30,1
DA:35,1
DA:36,1
DA:37,1
DA:38,1
DA:39,1
DA:40,1
DA:41,1
DA:42,1
DA:53,1
DA:54,1
DA:57,3
DA:58,1
DA:59,0
DA:60,0
DA:65,1
DA:73,3
DA:83,1
DA:84,1
DA:85,1
LF:29
LH:27
end_of_record
SF:lib/app/presentation/widgets/coupon_view_widget.dart
DA:6,1
DA:8,0
DA:10,0
DA:17,0
DA:19,0
DA:21,0
DA:24,0
DA:25,0
DA:50,0
DA:53,0
DA:54,0
DA:56,0
DA:65,0
DA:68,0
DA:69,0
DA:70,0
DA:73,0
DA:74,0
DA:75,0
DA:90,0
LF:20
LH:1
end_of_record
SF:lib/app/presentation/widgets/water_view1_widget.dart
DA:7,1
DA:9,0
DA:11,0
DA:15,0
DA:17,0
DA:29,0
DA:32,0
DA:57,0
DA:58,0
DA:59,0
DA:60,0
DA:61,0
DA:62,0
DA:63,0
DA:64,0
DA:79,0
LF:16
LH:1
end_of_record
SF:lib/app/presentation/widgets/water_view2_widget.dart
DA:7,1
DA:9,0
DA:11,0
DA:15,0
DA:17,0
DA:19,0
DA:22,0
DA:23,0
DA:27,0
DA:28,0
DA:60,0
DA:62,0
DA:71,0
DA:74,0
DA:75,0
DA:76,0
DA:79,0
DA:80,0
DA:81,0
DA:96,0
LF:20
LH:1
end_of_record
SF:lib/app/presentation/widgets/curved_items.dart
DA:6,0
DA:9,0
DA:10,0
DA:13,0
LF:4
LH:0
end_of_record
SF:lib/app/presentation/widgets/notification_view_widget.dart
DA:6,1
DA:8,0
DA:10,0
DA:13,0
DA:15,0
DA:17,0
DA:18,0
DA:34,0
DA:35,0
DA:38,0
DA:49,0
DA:51,0
DA:54,0
DA:60,0
DA:63,0
DA:64,0
DA:66,0
DA:69,0
DA:72,0
DA:75,0
LF:20
LH:1
end_of_record
SF:lib/app/presentation/widgets/product_view_widget.dart
DA:6,2
DA:8,0
DA:10,0
DA:13,0
DA:15,0
DA:17,0
DA:20,0
DA:33,0
DA:34,0
DA:36,0
DA:37,0
DA:39,0
DA:48,0
DA:49,0
DA:72,0
DA:74,0
DA:83,0
DA:86,0
DA:87,0
DA:88,0
DA:92,0
DA:93,0
DA:94,0
DA:109,0
LF:24
LH:1
end_of_record
SF:lib/app/presentation/views/register_view.dart
DA:16,1
DA:17,0
DA:18,0
DA:20,0
DA:21,0
DA:25,0
DA:26,0
DA:28,0
DA:29,0
DA:31,0
DA:36,0
DA:40,0
DA:42,0
DA:44,0
DA:47,0
DA:49,0
DA:75,0
DA:84,0
DA:85,0
DA:86,0
DA:87,0
DA:88,0
DA:89,0
DA:92,0
DA:93,0
DA:94,0
DA:98,0
DA:99,0
DA:116,0
DA:120,0
DA:125,0
DA:127,0
DA:128,0
DA:129,0
DA:132,0
DA:141,0
DA:146,0
DA:147,0
DA:149,0
DA:150,0
DA:155,0
DA:160,0
DA:161,0
DA:163,0
DA:164,0
DA:169,0
DA:174,0
DA:175,0
DA:177,0
DA:178,0
DA:183,0
DA:188,0
DA:189,0
DA:191,0
DA:192,0
DA:197,0
DA:202,0
DA:203,0
DA:204,0
DA:209,0
DA:214,0
DA:215,0
DA:217,0
DA:218,0
DA:223,0
DA:228,0
DA:229,0
DA:231,0
DA:232,0
DA:237,0
DA:242,0
DA:243,0
DA:245,0
DA:246,0
DA:251,0
DA:256,0
DA:257,0
DA:259,0
DA:260,0
DA:265,0
DA:267,0
DA:268,0
DA:271,0
DA:273,0
DA:279,0
DA:280,0
DA:281,0
DA:282,0
DA:295,0
DA:299,0
DA:304,0
DA:306,0
DA:307,0
DA:308,0
DA:311,0
DA:320,0
DA:325,0
DA:326,0
DA:328,0
DA:329,0
DA:334,0
DA:339,0
DA:340,0
DA:342,0
DA:343,0
DA:348,0
DA:353,0
DA:354,0
DA:356,0
DA:357,0
DA:362,0
DA:367,0
DA:368,0
DA:370,0
DA:371,0
DA:376,0
DA:381,0
DA:382,0
DA:384,0
DA:385,0
DA:390,0
DA:395,0
DA:396,0
DA:398,0
DA:399,0
DA:404,0
DA:409,0
DA:410,0
DA:412,0
DA:413,0
DA:418,0
DA:419,0
DA:420,0
DA:421,0
DA:423,0
DA:424,0
DA:427,0
DA:428,0
DA:435,0
DA:436,0
DA:438,0
DA:439,0
DA:442,0
DA:444,0
DA:453,0
DA:454,0
DA:455,0
DA:456,0
DA:469,0
DA:473,0
DA:478,0
DA:480,0
DA:481,0
DA:482,0
DA:485,0
DA:494,0
DA:499,0
DA:500,0
DA:502,0
DA:503,0
DA:508,0
DA:513,0
DA:514,0
DA:516,0
DA:517,0
DA:522,0
DA:527,0
DA:528,0
DA:530,0
DA:531,0
DA:536,0
DA:541,0
DA:542,0
DA:544,0
DA:545,0
DA:550,0
DA:555,0
DA:556,0
DA:558,0
DA:559,0
DA:564,0
DA:569,0
DA:570,0
DA:572,0
DA:573,0
DA:578,0
DA:579,0
DA:580,0
DA:581,0
DA:583,0
DA:584,0
DA:587,0
DA:588,0
DA:595,0
DA:596,0
DA:597,0
DA:598,0
DA:601,0
DA:602,0
DA:605,0
DA:606,0
DA:618,0
DA:619,0
DA:620,0
DA:621,0
LF:205
LH:1
end_of_record
SF:lib/app/presentation/views/setting_view.dart
DA:13,1
DA:15,0
DA:17,0
DA:18,0
DA:19,0
DA:20,0
DA:22,0
DA:25,0
DA:26,0
DA:27,0
DA:33,0
DA:34,0
DA:35,0
DA:37,0
DA:38,0
DA:41,0
DA:43,0
DA:44,0
DA:46,0
DA:59,0
DA:84,0
DA:85,0
DA:88,0
DA:89,0
DA:93,0
DA:98,0
DA:102,0
DA:104,0
DA:108,0
DA:109,0
DA:115,0
DA:116,0
DA:117,0
DA:121,0
DA:123,0
DA:127,0
DA:134,0
DA:135,0
DA:136,0
DA:137,0
DA:141,0
DA:142,0
LF:42
LH:1
end_of_record
SF:lib/app/presentation/widgets/setting_model_widget.dart
DA:9,0
DA:22,0
DA:24,0
DA:25,0
DA:27,0
DA:29,0
DA:31,0
DA:32,0
DA:33,0
DA:34,0
DA:36,0
DA:39,0
DA:43,0
DA:44,0
DA:45,0
DA:47,0
DA:48,0
DA:53,0
DA:54,0
DA:55,0
DA:56,0
DA:57,0
DA:58,0
DA:61,0
DA:62,0
DA:63,0
DA:64,0
DA:76,0
LF:28
LH:0
end_of_record
SF:lib/app/presentation/views/user_profile_view.dart
DA:13,1
DA:14,0
DA:16,0
DA:17,0
DA:21,0
DA:23,0
DA:24,0
DA:27,0
DA:29,0
DA:30,0
DA:31,0
DA:32,0
DA:34,0
DA:35,0
DA:37,0
DA:38,0
DA:39,0
DA:40,0
DA:43,0
DA:45,0
DA:46,0
DA:48,0
DA:52,0
DA:53,0
DA:54,0
DA:56,0
DA:57,0
DA:62,0
DA:63,0
DA:64,0
DA:65,0
DA:68,0
DA:73,0
DA:78,0
DA:79,0
DA:80,0
DA:81,0
DA:84,0
DA:89,0
DA:94,0
DA:95,0
DA:96,0
DA:97,0
DA:100,0
DA:105,0
DA:110,0
DA:111,0
DA:112,0
DA:113,0
DA:116,0
DA:121,0
DA:126,0
DA:127,0
DA:128,0
DA:129,0
DA:132,0
DA:137,0
DA:142,0
DA:143,0
DA:144,0
DA:145,0
DA:148,0
DA:153,0
DA:158,0
DA:159,0
DA:160,0
DA:161,0
DA:164,0
DA:169,0
DA:174,0
DA:175,0
DA:176,0
DA:177,0
DA:180,0
DA:185,0
DA:190,0
DA:191,0
DA:192,0
DA:193,0
DA:196,0
DA:201,0
DA:206,0
DA:207,0
DA:208,0
DA:209,0
DA:212,0
DA:217,0
DA:219,0
DA:220,0
DA:222,0
DA:225,0
DA:228,0
DA:229,0
DA:230,0
DA:232,0
DA:233,0
DA:236,0
DA:245,0
DA:246,0
DA:247,0
DA:255,0
DA:257,0
DA:258,0
DA:260,0
DA:263,0
DA:266,0
DA:267,0
DA:268,0
DA:270,0
DA:271,0
DA:274,0
DA:283,0
DA:284,0
DA:285,0
DA:290,0
DA:291,0
DA:294,0
DA:296,0
DA:299,0
DA:318,0
DA:320,0
DA:322,0
DA:323,0
DA:324,0
DA:325,0
DA:329,0
DA:334,0
DA:335,0
DA:336,0
DA:338,0
DA:339,0
DA:342,0
DA:347,0
DA:348,0
DA:349,0
DA:352,0
DA:355,0
DA:360,0
DA:361,0
DA:362,0
DA:364,0
DA:365,0
DA:366,0
DA:369,0
DA:374,0
DA:375,0
DA:376,0
DA:378,0
DA:379,0
DA:382,0
DA:387,0
DA:388,0
DA:389,0
DA:391,0
DA:392,0
DA:395,0
DA:400,0
DA:401,0
DA:402,0
DA:404,0
DA:405,0
DA:408,0
DA:413,0
DA:414,0
DA:415,0
DA:417,0
DA:418,0
DA:419,0
DA:428,0
DA:430,0
DA:432,0
DA:433,0
DA:434,0
DA:435,0
DA:439,0
DA:444,0
DA:445,0
DA:446,0
DA:448,0
DA:449,0
DA:452,0
DA:457,0
DA:458,0
DA:459,0
DA:462,0
DA:465,0
DA:470,0
DA:471,0
DA:472,0
DA:474,0
DA:475,0
DA:476,0
DA:479,0
DA:484,0
DA:485,0
DA:486,0
DA:488,0
DA:489,0
DA:492,0
DA:497,0
DA:498,0
DA:499,0
DA:501,0
DA:502,0
DA:505,0
DA:510,0
DA:511,0
DA:512,0
DA:514,0
DA:515,0
DA:518,0
DA:523,0
DA:524,0
DA:525,0
DA:527,0
DA:528,0
DA:529,0
LF:217
LH:1
end_of_record
